Copyright 1986-2018 Xilinx, Inc. All Rights Reserved.
-------------------------------------------------------------------------------------
| Tool Version : Vivado v.2018.3 (win64) Build 2405991 Thu Dec  6 23:38:27 MST 2018
| Date         : Sun Nov 17 10:27:23 2019
| Host         : DESKTOP-FAVM4VP running 64-bit major release  (build 9200)
| Command      : report_control_sets -verbose -file Hard_CPU_control_sets_placed.rpt
| Design       : Hard_CPU
| Device       : xc7a35t
-------------------------------------------------------------------------------------

Control Set Information

Table of Contents
-----------------
1. Summary
2. Histogram
3. Flip-Flop Distribution
4. Detailed Control Set Information

1. Summary
----------

+----------------------------------------------------------+-------+
|                          Status                          | Count |
+----------------------------------------------------------+-------+
| Number of unique control sets                            |   267 |
| Unused register locations in slices containing registers |    31 |
+----------------------------------------------------------+-------+


2. Histogram
------------

+--------+--------------+
| Fanout | Control Sets |
+--------+--------------+
|      2 |            1 |
|      4 |            1 |
|      5 |            1 |
|      8 |          256 |
|     13 |            1 |
|    16+ |            7 |
+--------+--------------+


3. Flip-Flop Distribution
-------------------------

+--------------+-----------------------+------------------------+-----------------+--------------+
| Clock Enable | Synchronous Set/Reset | Asynchronous Set/Reset | Total Registers | Total Slices |
+--------------+-----------------------+------------------------+-----------------+--------------+
| No           | No                    | No                     |              38 |           36 |
| No           | No                    | Yes                    |               0 |            0 |
| No           | Yes                   | No                     |             105 |           30 |
| Yes          | No                    | No                     |            2048 |         1289 |
| Yes          | No                    | Yes                    |              13 |            5 |
| Yes          | Yes                   | No                     |               5 |            2 |
+--------------+-----------------------+------------------------+-----------------+--------------+


4. Detailed Control Set Information
-----------------------------------

+------------------------------------+------------------------------------+-----------------------------------------+------------------+----------------+
|            Clock Signal            |            Enable Signal           |             Set/Reset Signal            | Slice Load Count | Bel Load Count |
+------------------------------------+------------------------------------+-----------------------------------------+------------------+----------------+
|  CLK_IBUF_BUFG                     |                                    |                                         |                2 |              2 |
|  slowclk/E[0]                      |                                    |                                         |                2 |              4 |
|  CLK_IBUF_BUFG                     | slowclk/FSM_onehot_AN[4]_i_1_n_0   | remove_shake_reset/key_out_reg_reg_0    |                2 |              5 |
|  remove_shake_clk/key_out_reg_BUFG | cpu/pc/dataMemory[247][7]_i_2_0[0] |                                         |                8 |              8 |
|  remove_shake_clk/key_out_reg_BUFG | cpu/pc/dataMemory[235][7]_i_2_0[0] |                                         |                6 |              8 |
|  remove_shake_clk/key_out_reg_BUFG | cpu/pc/dataMemory[239][7]_i_2_0[0] |                                         |                7 |              8 |
|  remove_shake_clk/key_out_reg_BUFG | cpu/pc/dataMemory[243][7]_i_2_0[0] |                                         |                5 |              8 |
|  remove_shake_clk/key_out_reg_BUFG | cpu/pc/dataMemory[47][7]_i_2_0[0]  |                                         |                8 |              8 |
|  remove_shake_clk/key_out_reg_BUFG | cpu/pc/dataMemory[35][7]_i_2_0[0]  |                                         |                4 |              8 |
|  remove_shake_clk/key_out_reg_BUFG | cpu/pc/dataMemory[39][7]_i_2_0[0]  |                                         |                7 |              8 |
|  remove_shake_clk/key_out_reg_BUFG | cpu/pc/dataMemory[3][7]_i_3_0[0]   |                                         |                8 |              8 |
|  remove_shake_clk/key_out_reg_BUFG | cpu/pc/dataMemory[31][7]_i_2_0[0]  |                                         |                8 |              8 |
|  remove_shake_clk/key_out_reg_BUFG | cpu/pc/dataMemory[43][7]_i_2_0[0]  |                                         |                7 |              8 |
|  remove_shake_clk/key_out_reg_BUFG | cpu/pc/dataMemory[63][7]_i_2_0[0]  |                                         |                8 |              8 |
|  remove_shake_clk/key_out_reg_BUFG | cpu/pc/dataMemory[67][7]_i_2_0[0]  |                                         |                7 |              8 |
|  remove_shake_clk/key_out_reg_BUFG | cpu/pc/dataMemory[71][7]_i_2_0[0]  |                                         |                4 |              8 |
|  remove_shake_clk/key_out_reg_BUFG | cpu/pc/dataMemory[55][7]_i_2_0[0]  |                                         |                3 |              8 |
|  remove_shake_clk/key_out_reg_BUFG | cpu/pc/dataMemory[59][7]_i_2_0[0]  |                                         |                7 |              8 |
|  remove_shake_clk/key_out_reg_BUFG | cpu/pc/dataMemory[51][7]_i_2_0[0]  |                                         |                8 |              8 |
|  remove_shake_clk/key_out_reg_BUFG | cpu/pc/dataMemory[95][7]_i_2_0[0]  |                                         |                8 |              8 |
|  remove_shake_clk/key_out_reg_BUFG | cpu/pc/dataMemory[87][7]_i_2_0[0]  |                                         |                6 |              8 |
|  remove_shake_clk/key_out_reg_BUFG | cpu/pc/dataMemory[75][7]_i_2_0[0]  |                                         |                6 |              8 |
|  remove_shake_clk/key_out_reg_BUFG | cpu/pc/dataMemory[7][7]_i_2_0[0]   |                                         |                6 |              8 |
|  remove_shake_clk/key_out_reg_BUFG | cpu/pc/dataMemory[79][7]_i_2_0[0]  |                                         |                7 |              8 |
|  remove_shake_clk/key_out_reg_BUFG | cpu/pc/dataMemory[83][7]_i_2_0[0]  |                                         |                4 |              8 |
|  remove_shake_clk/key_out_reg_BUFG | cpu/pc/dataMemory[91][7]_i_2_0[0]  |                                         |                7 |              8 |
|  remove_shake_clk/key_out_reg_BUFG | cpu/pc/dataMemory[99][7]_i_2_0[0]  |                                         |                8 |              8 |
|  remove_shake_clk/key_out_reg_BUFG | cpu/pc/dataMemory[0][7]_i_8_127[0] |                                         |                4 |              8 |
|  remove_shake_clk/key_out_reg_BUFG | cpu/pc/dataMemory[0][7]_i_8_107[0] |                                         |                5 |              8 |
|  remove_shake_clk/key_out_reg_BUFG | cpu/pc/dataMemory[0][7]_i_8_130[0] |                                         |                8 |              8 |
|  remove_shake_clk/key_out_reg_BUFG | cpu/pc/dataMemory[0][7]_i_8_118[0] |                                         |                7 |              8 |
|  remove_shake_clk/key_out_reg_BUFG | cpu/pc/dataMemory[0][7]_i_8_131[0] |                                         |                5 |              8 |
|  remove_shake_clk/key_out_reg_BUFG | cpu/pc/dataMemory[0][7]_i_8_105[0] |                                         |                4 |              8 |
|  remove_shake_clk/key_out_reg_BUFG | cpu/pc/dataMemory[0][7]_i_8_111[0] |                                         |                4 |              8 |
|  remove_shake_clk/key_out_reg_BUFG | cpu/pc/dataMemory[0][7]_i_8_120[0] |                                         |                3 |              8 |
|  remove_shake_clk/key_out_reg_BUFG | cpu/pc/dataMemory[0][7]_i_8_128[0] |                                         |                7 |              8 |
|  remove_shake_clk/key_out_reg_BUFG | cpu/pc/dataMemory[0][7]_i_8_115[0] |                                         |                4 |              8 |
|  remove_shake_clk/key_out_reg_BUFG | cpu/pc/dataMemory[0][7]_i_8_119[0] |                                         |                6 |              8 |
|  remove_shake_clk/key_out_reg_BUFG | cpu/pc/dataMemory[0][7]_i_8_129[0] |                                         |                3 |              8 |
|  remove_shake_clk/key_out_reg_BUFG | cpu/pc/dataMemory[0][7]_i_8_102[0] |                                         |                2 |              8 |
|  remove_shake_clk/key_out_reg_BUFG | cpu/pc/dataMemory[0][7]_i_8_106[0] |                                         |                6 |              8 |
|  remove_shake_clk/key_out_reg_BUFG | cpu/pc/dataMemory[0][7]_i_8_101[0] |                                         |                4 |              8 |
|  remove_shake_clk/key_out_reg_BUFG | cpu/pc/dataMemory[0][7]_i_8_0[0]   |                                         |                5 |              8 |
|  remove_shake_clk/key_out_reg_BUFG | cpu/pc/dataMemory[0][7]_i_8_109[0] |                                         |                5 |              8 |
|  remove_shake_clk/key_out_reg_BUFG | cpu/pc/dataMemory[0][7]_i_8_11[0]  |                                         |                4 |              8 |
|  remove_shake_clk/key_out_reg_BUFG | cpu/pc/dataMemory[0][7]_i_8_100[0] |                                         |                4 |              8 |
|  remove_shake_clk/key_out_reg_BUFG | cpu/pc/dataMemory[0][7]_i_8_110[0] |                                         |                5 |              8 |
|  remove_shake_clk/key_out_reg_BUFG | cpu/pc/dataMemory[0][7]_i_8_113[0] |                                         |                4 |              8 |
|  remove_shake_clk/key_out_reg_BUFG | cpu/pc/dataMemory[0][7]_i_8_122[0] |                                         |                6 |              8 |
|  remove_shake_clk/key_out_reg_BUFG | cpu/pc/dataMemory[0][7]_i_8_1[0]   |                                         |                2 |              8 |
|  remove_shake_clk/key_out_reg_BUFG | cpu/pc/dataMemory[0][7]_i_8_108[0] |                                         |                3 |              8 |
|  remove_shake_clk/key_out_reg_BUFG | cpu/pc/dataMemory[0][7]_i_8_104[0] |                                         |                5 |              8 |
|  remove_shake_clk/key_out_reg_BUFG | cpu/pc/dataMemory[0][7]_i_8_114[0] |                                         |                4 |              8 |
|  remove_shake_clk/key_out_reg_BUFG | cpu/pc/dataMemory[0][7]_i_8_12[0]  |                                         |                3 |              8 |
|  remove_shake_clk/key_out_reg_BUFG | cpu/pc/dataMemory[0][7]_i_8_121[0] |                                         |                5 |              8 |
|  remove_shake_clk/key_out_reg_BUFG | cpu/pc/dataMemory[0][7]_i_8_123[0] |                                         |                4 |              8 |
|  remove_shake_clk/key_out_reg_BUFG | cpu/pc/dataMemory[0][7]_i_8_10[0]  |                                         |                2 |              8 |
|  remove_shake_clk/key_out_reg_BUFG | cpu/pc/dataMemory[0][7]_i_8_124[0] |                                         |                4 |              8 |
|  remove_shake_clk/key_out_reg_BUFG | cpu/pc/dataMemory[0][7]_i_8_126[0] |                                         |                4 |              8 |
|  remove_shake_clk/key_out_reg_BUFG | cpu/pc/dataMemory[0][7]_i_8_13[0]  |                                         |                4 |              8 |
|  remove_shake_clk/key_out_reg_BUFG | cpu/pc/dataMemory[0][7]_i_8_117[0] |                                         |                3 |              8 |
|  remove_shake_clk/key_out_reg_BUFG | cpu/pc/dataMemory[0][7]_i_11_0[0]  |                                         |                7 |              8 |
|  remove_shake_clk/key_out_reg_BUFG | cpu/pc/dataMemory[0][7]_i_8_103[0] |                                         |                8 |              8 |
|  remove_shake_clk/key_out_reg_BUFG | cpu/pc/dataMemory[0][7]_i_8_112[0] |                                         |                5 |              8 |
|  remove_shake_clk/key_out_reg_BUFG | cpu/pc/dataMemory[0][7]_i_8_116[0] |                                         |                4 |              8 |
|  remove_shake_clk/key_out_reg_BUFG | cpu/pc/dataMemory[0][7]_i_8_125[0] |                                         |                3 |              8 |
|  remove_shake_clk/key_out_reg_BUFG | cpu/pc/dataMemory[0][7]_i_8_149[0] |                                         |                3 |              8 |
|  remove_shake_clk/key_out_reg_BUFG | cpu/pc/dataMemory[0][7]_i_8_158[0] |                                         |                3 |              8 |
|  remove_shake_clk/key_out_reg_BUFG | cpu/pc/dataMemory[0][7]_i_8_179[0] |                                         |                8 |              8 |
|  remove_shake_clk/key_out_reg_BUFG | cpu/pc/dataMemory[0][7]_i_8_19[0]  |                                         |                6 |              8 |
|  remove_shake_clk/key_out_reg_BUFG | cpu/pc/dataMemory[0][7]_i_8_147[0] |                                         |                2 |              8 |
|  remove_shake_clk/key_out_reg_BUFG | cpu/pc/dataMemory[0][7]_i_8_150[0] |                                         |                5 |              8 |
|  remove_shake_clk/key_out_reg_BUFG | cpu/pc/dataMemory[0][7]_i_8_154[0] |                                         |                7 |              8 |
|  remove_shake_clk/key_out_reg_BUFG | cpu/pc/dataMemory[0][7]_i_8_134[0] |                                         |                5 |              8 |
|  remove_shake_clk/key_out_reg_BUFG | cpu/pc/dataMemory[0][7]_i_8_15[0]  |                                         |                3 |              8 |
|  remove_shake_clk/key_out_reg_BUFG | cpu/pc/dataMemory[0][7]_i_8_155[0] |                                         |                7 |              8 |
|  remove_shake_clk/key_out_reg_BUFG | cpu/pc/dataMemory[0][7]_i_8_161[0] |                                         |                5 |              8 |
|  remove_shake_clk/key_out_reg_BUFG | cpu/pc/dataMemory[0][7]_i_8_159[0] |                                         |                3 |              8 |
|  remove_shake_clk/key_out_reg_BUFG | cpu/pc/dataMemory[0][7]_i_8_166[0] |                                         |                6 |              8 |
|  remove_shake_clk/key_out_reg_BUFG | cpu/pc/dataMemory[0][7]_i_8_143[0] |                                         |                6 |              8 |
|  remove_shake_clk/key_out_reg_BUFG | cpu/pc/dataMemory[0][7]_i_8_139[0] |                                         |                5 |              8 |
|  remove_shake_clk/key_out_reg_BUFG | cpu/pc/dataMemory[0][7]_i_8_180[0] |                                         |                5 |              8 |
|  remove_shake_clk/key_out_reg_BUFG | cpu/pc/dataMemory[0][7]_i_8_169[0] |                                         |                4 |              8 |
|  remove_shake_clk/key_out_reg_BUFG | cpu/pc/dataMemory[0][7]_i_8_18[0]  |                                         |                3 |              8 |
|  remove_shake_clk/key_out_reg_BUFG | cpu/pc/dataMemory[0][7]_i_8_146[0] |                                         |                2 |              8 |
|  remove_shake_clk/key_out_reg_BUFG | cpu/pc/dataMemory[0][7]_i_8_148[0] |                                         |                5 |              8 |
|  remove_shake_clk/key_out_reg_BUFG | cpu/pc/dataMemory[0][7]_i_8_140[0] |                                         |                4 |              8 |
|  remove_shake_clk/key_out_reg_BUFG | cpu/pc/dataMemory[0][7]_i_8_156[0] |                                         |                4 |              8 |
|  remove_shake_clk/key_out_reg_BUFG | cpu/pc/dataMemory[0][7]_i_8_135[0] |                                         |                2 |              8 |
|  remove_shake_clk/key_out_reg_BUFG | cpu/pc/dataMemory[0][7]_i_8_152[0] |                                         |                6 |              8 |
|  remove_shake_clk/key_out_reg_BUFG | cpu/pc/dataMemory[0][7]_i_8_163[0] |                                         |                4 |              8 |
|  remove_shake_clk/key_out_reg_BUFG | cpu/pc/dataMemory[0][7]_i_8_164[0] |                                         |                6 |              8 |
|  remove_shake_clk/key_out_reg_BUFG | cpu/pc/dataMemory[0][7]_i_8_170[0] |                                         |                4 |              8 |
|  remove_shake_clk/key_out_reg_BUFG | cpu/pc/dataMemory[0][7]_i_8_176[0] |                                         |                3 |              8 |
|  remove_shake_clk/key_out_reg_BUFG | cpu/pc/dataMemory[0][7]_i_8_132[0] |                                         |                3 |              8 |
|  remove_shake_clk/key_out_reg_BUFG | cpu/pc/dataMemory[0][7]_i_8_160[0] |                                         |                5 |              8 |
|  remove_shake_clk/key_out_reg_BUFG | cpu/pc/dataMemory[0][7]_i_8_181[0] |                                         |                5 |              8 |
|  remove_shake_clk/key_out_reg_BUFG | cpu/pc/dataMemory[0][7]_i_8_17[0]  |                                         |                5 |              8 |
|  remove_shake_clk/key_out_reg_BUFG | cpu/pc/dataMemory[0][7]_i_8_171[0] |                                         |                4 |              8 |
|  remove_shake_clk/key_out_reg_BUFG | cpu/pc/dataMemory[0][7]_i_8_162[0] |                                         |                3 |              8 |
|  remove_shake_clk/key_out_reg_BUFG | cpu/pc/dataMemory[0][7]_i_8_182[0] |                                         |                4 |              8 |
|  remove_shake_clk/key_out_reg_BUFG | cpu/pc/dataMemory[0][7]_i_8_153[0] |                                         |                3 |              8 |
|  remove_shake_clk/key_out_reg_BUFG | cpu/pc/dataMemory[0][7]_i_8_157[0] |                                         |                3 |              8 |
|  remove_shake_clk/key_out_reg_BUFG | cpu/pc/dataMemory[0][7]_i_8_167[0] |                                         |                8 |              8 |
|  remove_shake_clk/key_out_reg_BUFG | cpu/pc/dataMemory[0][7]_i_8_172[0] |                                         |                4 |              8 |
|  remove_shake_clk/key_out_reg_BUFG | cpu/pc/dataMemory[0][7]_i_8_177[0] |                                         |                4 |              8 |
|  remove_shake_clk/key_out_reg_BUFG | cpu/pc/dataMemory[0][7]_i_8_178[0] |                                         |                8 |              8 |
|  remove_shake_clk/key_out_reg_BUFG | cpu/pc/dataMemory[0][7]_i_8_183[0] |                                         |                2 |              8 |
|  remove_shake_clk/key_out_reg_BUFG | cpu/pc/dataMemory[0][7]_i_8_184[0] |                                         |                7 |              8 |
|  remove_shake_clk/key_out_reg_BUFG | cpu/pc/dataMemory[0][7]_i_8_138[0] |                                         |                4 |              8 |
|  remove_shake_clk/key_out_reg_BUFG | cpu/pc/dataMemory[0][7]_i_8_185[0] |                                         |                3 |              8 |
|  remove_shake_clk/key_out_reg_BUFG | cpu/pc/dataMemory[0][7]_i_8_144[0] |                                         |                6 |              8 |
|  remove_shake_clk/key_out_reg_BUFG | cpu/pc/dataMemory[0][7]_i_8_145[0] |                                         |                3 |              8 |
|  remove_shake_clk/key_out_reg_BUFG | cpu/pc/dataMemory[0][7]_i_8_141[0] |                                         |                3 |              8 |
|  remove_shake_clk/key_out_reg_BUFG | cpu/pc/dataMemory[0][7]_i_8_133[0] |                                         |                3 |              8 |
|  remove_shake_clk/key_out_reg_BUFG | cpu/pc/dataMemory[0][7]_i_8_137[0] |                                         |                3 |              8 |
|  remove_shake_clk/key_out_reg_BUFG | cpu/pc/dataMemory[0][7]_i_8_16[0]  |                                         |                7 |              8 |
|  remove_shake_clk/key_out_reg_BUFG | cpu/pc/dataMemory[0][7]_i_8_14[0]  |                                         |                3 |              8 |
|  remove_shake_clk/key_out_reg_BUFG | cpu/pc/dataMemory[0][7]_i_8_175[0] |                                         |                4 |              8 |
|  remove_shake_clk/key_out_reg_BUFG | cpu/pc/dataMemory[0][7]_i_8_186[0] |                                         |                3 |              8 |
|  remove_shake_clk/key_out_reg_BUFG | cpu/pc/dataMemory[0][7]_i_8_187[0] |                                         |                5 |              8 |
|  remove_shake_clk/key_out_reg_BUFG | cpu/pc/dataMemory[0][7]_i_8_142[0] |                                         |                4 |              8 |
|  remove_shake_clk/key_out_reg_BUFG | cpu/pc/dataMemory[0][7]_i_8_151[0] |                                         |                5 |              8 |
|  remove_shake_clk/key_out_reg_BUFG | cpu/pc/dataMemory[0][7]_i_8_136[0] |                                         |                5 |              8 |
|  remove_shake_clk/key_out_reg_BUFG | cpu/pc/dataMemory[0][7]_i_8_165[0] |                                         |                4 |              8 |
|  remove_shake_clk/key_out_reg_BUFG | cpu/pc/dataMemory[0][7]_i_8_168[0] |                                         |                3 |              8 |
|  remove_shake_clk/key_out_reg_BUFG | cpu/pc/dataMemory[0][7]_i_8_174[0] |                                         |                4 |              8 |
|  remove_shake_clk/key_out_reg_BUFG | cpu/pc/dataMemory[0][7]_i_8_188[0] |                                         |                5 |              8 |
|  remove_shake_clk/key_out_reg_BUFG | cpu/pc/dataMemory[0][7]_i_8_173[0] |                                         |                4 |              8 |
|  remove_shake_clk/key_out_reg_BUFG | cpu/pc/dataMemory[0][7]_i_8_189[0] |                                         |                4 |              8 |
|  remove_shake_clk/key_out_reg_BUFG | cpu/pc/dataMemory[0][7]_i_8_30[0]  |                                         |                2 |              8 |
|  remove_shake_clk/key_out_reg_BUFG | cpu/pc/dataMemory[0][7]_i_8_50[0]  |                                         |                2 |              8 |
|  remove_shake_clk/key_out_reg_BUFG | cpu/pc/dataMemory[0][7]_i_8_52[0]  |                                         |                5 |              8 |
|  remove_shake_clk/key_out_reg_BUFG | cpu/pc/dataMemory[0][7]_i_8_66[0]  |                                         |                4 |              8 |
|  remove_shake_clk/key_out_reg_BUFG | cpu/pc/dataMemory[0][7]_i_8_74[0]  |                                         |                6 |              8 |
|  remove_shake_clk/key_out_reg_BUFG | cpu/pc/dataMemory[0][7]_i_8_75[0]  |                                         |                4 |              8 |
|  remove_shake_clk/key_out_reg_BUFG | cpu/pc/dataMemory[0][7]_i_8_31[0]  |                                         |                8 |              8 |
|  remove_shake_clk/key_out_reg_BUFG | cpu/pc/dataMemory[0][7]_i_8_46[0]  |                                         |                5 |              8 |
|  remove_shake_clk/key_out_reg_BUFG | cpu/pc/dataMemory[0][7]_i_8_43[0]  |                                         |                6 |              8 |
|  remove_shake_clk/key_out_reg_BUFG | cpu/pc/dataMemory[0][7]_i_8_67[0]  |                                         |                8 |              8 |
|  remove_shake_clk/key_out_reg_BUFG | cpu/pc/dataMemory[0][7]_i_8_20[0]  |                                         |                7 |              8 |
|  remove_shake_clk/key_out_reg_BUFG | cpu/pc/dataMemory[0][7]_i_8_60[0]  |                                         |                4 |              8 |
|  remove_shake_clk/key_out_reg_BUFG | cpu/pc/dataMemory[0][7]_i_8_29[0]  |                                         |                6 |              8 |
|  remove_shake_clk/key_out_reg_BUFG | cpu/pc/dataMemory[0][7]_i_8_48[0]  |                                         |                4 |              8 |
|  remove_shake_clk/key_out_reg_BUFG | cpu/pc/dataMemory[0][7]_i_8_28[0]  |                                         |                5 |              8 |
|  remove_shake_clk/key_out_reg_BUFG | cpu/pc/dataMemory[0][7]_i_8_24[0]  |                                         |                3 |              8 |
|  remove_shake_clk/key_out_reg_BUFG | cpu/pc/dataMemory[0][7]_i_8_33[0]  |                                         |                4 |              8 |
|  remove_shake_clk/key_out_reg_BUFG | cpu/pc/dataMemory[0][7]_i_8_27[0]  |                                         |                3 |              8 |
|  remove_shake_clk/key_out_reg_BUFG | cpu/pc/dataMemory[0][7]_i_8_36[0]  |                                         |                3 |              8 |
|  remove_shake_clk/key_out_reg_BUFG | cpu/pc/dataMemory[0][7]_i_8_45[0]  |                                         |                4 |              8 |
|  remove_shake_clk/key_out_reg_BUFG | cpu/pc/dataMemory[0][7]_i_8_47[0]  |                                         |                6 |              8 |
|  remove_shake_clk/key_out_reg_BUFG | cpu/pc/dataMemory[0][7]_i_8_38[0]  |                                         |                4 |              8 |
|  remove_shake_clk/key_out_reg_BUFG | cpu/pc/dataMemory[0][7]_i_8_57[0]  |                                         |                4 |              8 |
|  remove_shake_clk/key_out_reg_BUFG | cpu/pc/dataMemory[0][7]_i_8_41[0]  |                                         |                6 |              8 |
|  remove_shake_clk/key_out_reg_BUFG | cpu/pc/dataMemory[0][7]_i_8_58[0]  |                                         |                7 |              8 |
|  remove_shake_clk/key_out_reg_BUFG | cpu/pc/dataMemory[0][7]_i_8_63[0]  |                                         |                5 |              8 |
|  remove_shake_clk/key_out_reg_BUFG | cpu/pc/dataMemory[0][7]_i_8_44[0]  |                                         |                6 |              8 |
|  remove_shake_clk/key_out_reg_BUFG | cpu/pc/dataMemory[0][7]_i_8_26[0]  |                                         |                2 |              8 |
|  remove_shake_clk/key_out_reg_BUFG | cpu/pc/dataMemory[0][7]_i_8_55[0]  |                                         |                6 |              8 |
|  remove_shake_clk/key_out_reg_BUFG | cpu/pc/dataMemory[0][7]_i_8_191[0] |                                         |                4 |              8 |
|  remove_shake_clk/key_out_reg_BUFG | cpu/pc/dataMemory[0][7]_i_8_68[0]  |                                         |                7 |              8 |
|  remove_shake_clk/key_out_reg_BUFG | cpu/pc/dataMemory[0][7]_i_8_23[0]  |                                         |                7 |              8 |
|  remove_shake_clk/key_out_reg_BUFG | cpu/pc/dataMemory[0][7]_i_8_49[0]  |                                         |                3 |              8 |
|  remove_shake_clk/key_out_reg_BUFG | cpu/pc/dataMemory[0][7]_i_8_54[0]  |                                         |                2 |              8 |
|  remove_shake_clk/key_out_reg_BUFG | cpu/pc/dataMemory[0][7]_i_8_2[0]   |                                         |                3 |              8 |
|  remove_shake_clk/key_out_reg_BUFG | cpu/pc/dataMemory[0][7]_i_8_22[0]  |                                         |                8 |              8 |
|  remove_shake_clk/key_out_reg_BUFG | cpu/pc/dataMemory[0][7]_i_8_42[0]  |                                         |                5 |              8 |
|  remove_shake_clk/key_out_reg_BUFG | cpu/pc/dataMemory[0][7]_i_8_5[0]   |                                         |                6 |              8 |
|  remove_shake_clk/key_out_reg_BUFG | cpu/pc/dataMemory[0][7]_i_8_51[0]  |                                         |                3 |              8 |
|  remove_shake_clk/key_out_reg_BUFG | cpu/pc/dataMemory[0][7]_i_8_59[0]  |                                         |                6 |              8 |
|  remove_shake_clk/key_out_reg_BUFG | cpu/pc/dataMemory[0][7]_i_8_53[0]  |                                         |                4 |              8 |
|  remove_shake_clk/key_out_reg_BUFG | cpu/pc/dataMemory[0][7]_i_8_25[0]  |                                         |                4 |              8 |
|  remove_shake_clk/key_out_reg_BUFG | cpu/pc/dataMemory[0][7]_i_8_35[0]  |                                         |                8 |              8 |
|  remove_shake_clk/key_out_reg_BUFG | cpu/pc/dataMemory[0][7]_i_8_3[0]   |                                         |                4 |              8 |
|  remove_shake_clk/key_out_reg_BUFG | cpu/pc/dataMemory[0][7]_i_8_6[0]   |                                         |                3 |              8 |
|  remove_shake_clk/key_out_reg_BUFG | cpu/pc/dataMemory[0][7]_i_8_61[0]  |                                         |                4 |              8 |
|  remove_shake_clk/key_out_reg_BUFG | cpu/pc/dataMemory[0][7]_i_8_62[0]  |                                         |                3 |              8 |
|  remove_shake_clk/key_out_reg_BUFG | cpu/pc/dataMemory[0][7]_i_8_34[0]  |                                         |                7 |              8 |
|  remove_shake_clk/key_out_reg_BUFG | cpu/pc/dataMemory[0][7]_i_8_64[0]  |                                         |                5 |              8 |
|  remove_shake_clk/key_out_reg_BUFG | cpu/pc/dataMemory[0][7]_i_8_65[0]  |                                         |                6 |              8 |
|  remove_shake_clk/key_out_reg_BUFG | cpu/pc/dataMemory[0][7]_i_8_7[0]   |                                         |                4 |              8 |
|  remove_shake_clk/key_out_reg_BUFG | cpu/pc/dataMemory[0][7]_i_8_70[0]  |                                         |                6 |              8 |
|  remove_shake_clk/key_out_reg_BUFG | cpu/pc/dataMemory[0][7]_i_8_40[0]  |                                         |                5 |              8 |
|  remove_shake_clk/key_out_reg_BUFG | cpu/pc/dataMemory[0][7]_i_8_56[0]  |                                         |                7 |              8 |
|  remove_shake_clk/key_out_reg_BUFG | cpu/pc/dataMemory[0][7]_i_8_190[0] |                                         |                7 |              8 |
|  remove_shake_clk/key_out_reg_BUFG | cpu/pc/dataMemory[0][7]_i_8_37[0]  |                                         |                3 |              8 |
|  remove_shake_clk/key_out_reg_BUFG | cpu/pc/dataMemory[0][7]_i_8_71[0]  |                                         |                8 |              8 |
|  remove_shake_clk/key_out_reg_BUFG | cpu/pc/dataMemory[0][7]_i_8_32[0]  |                                         |                6 |              8 |
|  remove_shake_clk/key_out_reg_BUFG | cpu/pc/dataMemory[0][7]_i_8_4[0]   |                                         |                3 |              8 |
|  remove_shake_clk/key_out_reg_BUFG | cpu/pc/dataMemory[0][7]_i_8_69[0]  |                                         |                3 |              8 |
|  remove_shake_clk/key_out_reg_BUFG | cpu/pc/dataMemory[0][7]_i_8_21[0]  |                                         |                6 |              8 |
|  remove_shake_clk/key_out_reg_BUFG | cpu/pc/dataMemory[0][7]_i_8_72[0]  |                                         |                3 |              8 |
|  remove_shake_clk/key_out_reg_BUFG | cpu/pc/dataMemory[0][7]_i_8_39[0]  |                                         |                2 |              8 |
|  remove_shake_clk/key_out_reg_BUFG | cpu/pc/dataMemory[0][7]_i_8_73[0]  |                                         |                6 |              8 |
|  remove_shake_clk/key_out_reg_BUFG | cpu/pc/dataMemory[0][7]_i_8_87[0]  |                                         |                3 |              8 |
|  remove_shake_clk/key_out_reg_BUFG | cpu/pc/dataMemory[103][7]_i_2_0[0] |                                         |                7 |              8 |
|  remove_shake_clk/key_out_reg_BUFG | cpu/pc/dataMemory[0][7]_i_8_91[0]  |                                         |                6 |              8 |
|  remove_shake_clk/key_out_reg_BUFG | cpu/pc/dataMemory[0][7]_i_8_81[0]  |                                         |                5 |              8 |
|  remove_shake_clk/key_out_reg_BUFG | cpu/pc/dataMemory[0][7]_i_8_93[0]  |                                         |                4 |              8 |
|  remove_shake_clk/key_out_reg_BUFG | cpu/pc/dataMemory[0][7]_i_8_86[0]  |                                         |                5 |              8 |
|  remove_shake_clk/key_out_reg_BUFG | cpu/pc/dataMemory[23][7]_i_2_0[0]  |                                         |                7 |              8 |
|  remove_shake_clk/key_out_reg_BUFG | cpu/pc/dataMemory[0][7]_i_8_94[0]  |                                         |                5 |              8 |
|  remove_shake_clk/key_out_reg_BUFG | cpu/pc/dataMemory[0][7]_i_8_97[0]  |                                         |                3 |              8 |
|  remove_shake_clk/key_out_reg_BUFG | cpu/pc/dataMemory[0][7]_i_8_90[0]  |                                         |                6 |              8 |
|  remove_shake_clk/key_out_reg_BUFG | cpu/pc/dataMemory[0][7]_i_8_8[0]   |                                         |                8 |              8 |
|  remove_shake_clk/key_out_reg_BUFG | cpu/pc/dataMemory[0][7]_i_8_99[0]  |                                         |                3 |              8 |
|  remove_shake_clk/key_out_reg_BUFG | cpu/pc/dataMemory[0][7]_i_8_89[0]  |                                         |                6 |              8 |
|  remove_shake_clk/key_out_reg_BUFG | cpu/pc/dataMemory[0][7]_i_8_9[0]   |                                         |                4 |              8 |
|  remove_shake_clk/key_out_reg_BUFG | cpu/pc/dataMemory[0][7]_i_8_79[0]  |                                         |                5 |              8 |
|  remove_shake_clk/key_out_reg_BUFG | cpu/pc/dataMemory[0][7]_i_8_78[0]  |                                         |                6 |              8 |
|  remove_shake_clk/key_out_reg_BUFG | cpu/pc/dataMemory[0][7]_i_8_88[0]  |                                         |                3 |              8 |
|  remove_shake_clk/key_out_reg_BUFG | cpu/pc/dataMemory[0][7]_i_8_82[0]  |                                         |                6 |              8 |
|  remove_shake_clk/key_out_reg_BUFG | cpu/pc/dataMemory[0][7]_i_8_96[0]  |                                         |                3 |              8 |
|  remove_shake_clk/key_out_reg_BUFG | cpu/pc/dataMemory[0][7]_i_8_80[0]  |                                         |                6 |              8 |
|  remove_shake_clk/key_out_reg_BUFG | cpu/pc/dataMemory[0][7]_i_8_85[0]  |                                         |                3 |              8 |
|  remove_shake_clk/key_out_reg_BUFG | cpu/pc/dataMemory[0][7]_i_8_92[0]  |                                         |                8 |              8 |
|  remove_shake_clk/key_out_reg_BUFG | cpu/pc/dataMemory[0][7]_i_8_83[0]  |                                         |                8 |              8 |
|  remove_shake_clk/key_out_reg_BUFG | cpu/pc/dataMemory[0][7]_i_8_95[0]  |                                         |                7 |              8 |
|  remove_shake_clk/key_out_reg_BUFG | cpu/pc/dataMemory[0][7]_i_8_98[0]  |                                         |                3 |              8 |
|  remove_shake_clk/key_out_reg_BUFG | cpu/pc/dataMemory[0][7]_i_8_76[0]  |                                         |                4 |              8 |
|  remove_shake_clk/key_out_reg_BUFG | cpu/pc/dataMemory[0][7]_i_8_84[0]  |                                         |                3 |              8 |
|  remove_shake_clk/key_out_reg_BUFG | cpu/pc/dataMemory[107][7]_i_2_0[0] |                                         |                5 |              8 |
|  remove_shake_clk/key_out_reg_BUFG | cpu/pc/dataMemory[111][7]_i_2_0[0] |                                         |                8 |              8 |
|  remove_shake_clk/key_out_reg_BUFG | cpu/pc/dataMemory[119][7]_i_2_0[0] |                                         |                8 |              8 |
|  remove_shake_clk/key_out_reg_BUFG | cpu/pc/dataMemory[115][7]_i_2_0[0] |                                         |                6 |              8 |
|  remove_shake_clk/key_out_reg_BUFG | cpu/pc/dataMemory[123][7]_i_2_0[0] |                                         |                5 |              8 |
|  remove_shake_clk/key_out_reg_BUFG | cpu/pc/dataMemory[127][7]_i_2_0[0] |                                         |                8 |              8 |
|  remove_shake_clk/key_out_reg_BUFG | cpu/pc/dataMemory[11][7]_i_2_0[0]  |                                         |                7 |              8 |
|  remove_shake_clk/key_out_reg_BUFG | cpu/pc/dataMemory[147][7]_i_2_0[0] |                                         |                6 |              8 |
|  remove_shake_clk/key_out_reg_BUFG | cpu/pc/dataMemory[139][7]_i_2_0[0] |                                         |                6 |              8 |
|  remove_shake_clk/key_out_reg_BUFG | cpu/pc/dataMemory[135][7]_i_2_0[0] |                                         |                5 |              8 |
|  remove_shake_clk/key_out_reg_BUFG | cpu/pc/dataMemory[131][7]_i_2_0[0] |                                         |                3 |              8 |
|  remove_shake_clk/key_out_reg_BUFG | cpu/pc/dataMemory[151][7]_i_2_0[0] |                                         |                4 |              8 |
|  remove_shake_clk/key_out_reg_BUFG | cpu/pc/dataMemory[0][7]_i_8_77[0]  |                                         |                6 |              8 |
|  remove_shake_clk/key_out_reg_BUFG | cpu/pc/dataMemory[167][7]_i_2_0[0] |                                         |                7 |              8 |
|  remove_shake_clk/key_out_reg_BUFG | cpu/pc/dataMemory[159][7]_i_2_0[0] |                                         |                7 |              8 |
|  remove_shake_clk/key_out_reg_BUFG | cpu/pc/dataMemory[175][7]_i_2_0[0] |                                         |                6 |              8 |
|  remove_shake_clk/key_out_reg_BUFG | cpu/pc/dataMemory[155][7]_i_2_0[0] |                                         |                8 |              8 |
|  remove_shake_clk/key_out_reg_BUFG | cpu/pc/dataMemory[163][7]_i_2_0[0] |                                         |                5 |              8 |
|  remove_shake_clk/key_out_reg_BUFG | cpu/pc/dataMemory[15][7]_i_2_0[0]  |                                         |                6 |              8 |
|  remove_shake_clk/key_out_reg_BUFG | cpu/pc/dataMemory[171][7]_i_2_0[0] |                                         |                7 |              8 |
|  remove_shake_clk/key_out_reg_BUFG | cpu/pc/dataMemory[187][7]_i_2_0[0] |                                         |                6 |              8 |
|  remove_shake_clk/key_out_reg_BUFG | cpu/pc/dataMemory[191][7]_i_2_0[0] |                                         |                8 |              8 |
|  remove_shake_clk/key_out_reg_BUFG | cpu/pc/dataMemory[179][7]_i_2_0[0] |                                         |                7 |              8 |
|  remove_shake_clk/key_out_reg_BUFG | cpu/pc/dataMemory[183][7]_i_2_0[0] |                                         |                6 |              8 |
|  remove_shake_clk/key_out_reg_BUFG | cpu/pc/dataMemory[195][7]_i_2_0[0] |                                         |                5 |              8 |
|  remove_shake_clk/key_out_reg_BUFG | cpu/pc/dataMemory[199][7]_i_2_0[0] |                                         |                4 |              8 |
|  remove_shake_clk/key_out_reg_BUFG | cpu/pc/dataMemory[19][7]_i_2_0[0]  |                                         |                5 |              8 |
|  remove_shake_clk/key_out_reg_BUFG | cpu/pc/dataMemory[207][7]_i_2_0[0] |                                         |                8 |              8 |
|  remove_shake_clk/key_out_reg_BUFG | cpu/pc/dataMemory[203][7]_i_2_0[0] |                                         |                6 |              8 |
|  remove_shake_clk/key_out_reg_BUFG | cpu/pc/dataMemory[211][7]_i_2_0[0] |                                         |                4 |              8 |
|  remove_shake_clk/key_out_reg_BUFG | cpu/pc/dataMemory[231][7]_i_2_0[0] |                                         |                7 |              8 |
|  remove_shake_clk/key_out_reg_BUFG | cpu/pc/dataMemory[227][7]_i_2_0[0] |                                         |                5 |              8 |
|  remove_shake_clk/key_out_reg_BUFG | cpu/pc/dataMemory[219][7]_i_2_0[0] |                                         |                5 |              8 |
|  remove_shake_clk/key_out_reg_BUFG | cpu/pc/dataMemory[215][7]_i_2_0[0] |                                         |                5 |              8 |
|  remove_shake_clk/key_out_reg_BUFG | cpu/pc/dataMemory[223][7]_i_2_0[0] |                                         |                8 |              8 |
|  remove_shake_clk/key_out_reg_BUFG | cpu/pc/dataMemory[251][7]_i_2_0[0] |                                         |                5 |              8 |
|  remove_shake_clk/key_out_reg_BUFG | cpu/pc/dataMemory[27][7]_i_2_0[0]  |                                         |                8 |              8 |
|  remove_shake_clk/key_out_reg_BUFG | cpu/pc/dataMemory[143][7]_i_2_0[0] |                                         |                6 |              8 |
| ~remove_shake_clk/key_out_reg_BUFG | cpu/pc/PCWre                       | remove_shake_reset/key_out_reg_reg_0    |                5 |             13 |
|  CLK_IBUF_BUFG                     |                                    | remove_shake_reset/key_out_reg_reg_0    |                6 |             17 |
|  CLK_IBUF_BUFG                     |                                    | remove_shake_clk/clear                  |                6 |             22 |
|  CLK_IBUF_BUFG                     |                                    | remove_shake_reset/count_low[0]_i_1_n_0 |                6 |             22 |
|  CLK_IBUF_BUFG                     |                                    | Reset_IBUF                              |                6 |             22 |
|  CLK_IBUF_BUFG                     |                                    | Button_IBUF                             |                6 |             22 |
|  DBDataSrc                         |                                    |                                         |               32 |             32 |
|  remove_shake_clk/key_out_reg_BUFG | cpu/pc/p_0_in                      |                                         |               12 |             96 |
+------------------------------------+------------------------------------+-----------------------------------------+------------------+----------------+


